<?xml version="1.0" encoding="UTF-8"?>
<testng-results skipped="0" failed="0" total="1" passed="1">
  <reporter-output>
  </reporter-output>
  <suite name="Default suite" duration-ms="1280" started-at="2022-06-11T17:39:23Z" finished-at="2022-06-11T17:39:24Z">
    <groups>
    </groups>
    <test name="Default test" duration-ms="1280" started-at="2022-06-11T17:39:23Z" finished-at="2022-06-11T17:39:24Z">
      <class name="upskill.api.restAssured.GetEmployeeDetailsApiSteps">
        <test-method status="PASS" signature="GetAllEmployeeDetails()[pri:0, instance:upskill.api.restAssured.GetEmployeeDetailsApiSteps@be92ad]" name="GetAllEmployeeDetails" duration-ms="1270" started-at="2022-06-11T13:39:23Z" finished-at="2022-06-11T13:39:24Z">
          <reporter-output>
          </reporter-output>
        </test-method> <!-- GetAllEmployeeDetails -->
      </class> <!-- upskill.api.restAssured.GetEmployeeDetailsApiSteps -->
    </test> <!-- Default test -->
  </suite> <!-- Default suite -->
</testng-results>
